mode: atomic
github.com/zt4ff/gokue/config/config.go:101.23,113.2 1 0
github.com/zt4ff/gokue/config/config.go:116.35,117.19 1 0
github.com/zt4ff/gokue/config/config.go:118.25,118.25 0 0
github.com/zt4ff/gokue/config/config.go:119.10,120.79 1 0
github.com/zt4ff/gokue/config/config.go:123.2,123.27 1 0
github.com/zt4ff/gokue/config/config.go:124.56,124.56 0 0
github.com/zt4ff/gokue/config/config.go:125.10,126.96 1 0
github.com/zt4ff/gokue/config/config.go:129.2,129.24 1 0
github.com/zt4ff/gokue/config/config.go:129.24,131.3 1 0
github.com/zt4ff/gokue/config/config.go:132.2,132.22 1 0
github.com/zt4ff/gokue/config/config.go:132.22,134.3 1 0
github.com/zt4ff/gokue/config/config.go:135.2,135.22 1 0
github.com/zt4ff/gokue/config/config.go:135.22,137.3 1 0
github.com/zt4ff/gokue/config/config.go:138.2,138.22 1 0
github.com/zt4ff/gokue/config/config.go:138.22,140.3 1 0
github.com/zt4ff/gokue/config/config.go:141.2,141.27 1 0
github.com/zt4ff/gokue/config/config.go:141.27,143.3 1 0
github.com/zt4ff/gokue/config/config.go:144.2,144.22 1 0
github.com/zt4ff/gokue/config/config.go:144.22,146.3 1 0
github.com/zt4ff/gokue/config/config.go:147.2,147.25 1 0
github.com/zt4ff/gokue/config/config.go:147.25,149.3 1 0
github.com/zt4ff/gokue/config/config.go:151.2,151.12 1 0
github.com/zt4ff/gokue/stats/stats.go:35.32,37.2 1 0
github.com/zt4ff/gokue/stats/stats.go:40.35,42.2 1 0
github.com/zt4ff/gokue/stats/stats.go:45.36,47.2 1 0
github.com/zt4ff/gokue/stats/stats.go:50.33,52.2 1 0
github.com/zt4ff/gokue/stats/stats.go:55.34,57.2 1 0
github.com/zt4ff/gokue/stats/stats.go:60.34,62.2 1 0
github.com/zt4ff/gokue/stats/stats.go:65.41,73.2 1 0
github.com/zt4ff/gokue/examples/single-worker/main.go:21.47,25.2 3 0
github.com/zt4ff/gokue/examples/single-worker/main.go:28.13,35.16 2 0
github.com/zt4ff/gokue/examples/single-worker/main.go:35.16,36.13 1 0
github.com/zt4ff/gokue/examples/single-worker/main.go:38.2,38.15 1 0
github.com/zt4ff/gokue/examples/single-worker/main.go:38.15,39.55 1 0
github.com/zt4ff/gokue/examples/single-worker/main.go:39.55,40.14 1 0
github.com/zt4ff/gokue/examples/single-worker/main.go:44.2,46.52 2 0
github.com/zt4ff/gokue/examples/single-worker/main.go:46.52,47.13 1 0
github.com/zt4ff/gokue/examples/single-worker/main.go:50.2,50.75 1 0
github.com/zt4ff/gokue/examples/single-worker/main.go:50.75,51.13 1 0
github.com/zt4ff/gokue/logging/logging.go:45.79,45.80 0 1
github.com/zt4ff/gokue/logging/logging.go:48.68,48.69 0 2
github.com/zt4ff/gokue/logging/logging.go:51.67,51.68 0 6
github.com/zt4ff/gokue/logging/logging.go:54.67,54.68 0 2
github.com/zt4ff/gokue/logging/logging.go:57.68,57.69 0 4
github.com/zt4ff/gokue/logging/logging.go:66.51,68.2 1 5
github.com/zt4ff/gokue/logging/logging.go:71.82,72.22 1 13
github.com/zt4ff/gokue/logging/logging.go:72.22,74.3 1 4
github.com/zt4ff/gokue/logging/logging.go:76.2,80.21 3 9
github.com/zt4ff/gokue/logging/logging.go:80.21,82.39 2 2
github.com/zt4ff/gokue/logging/logging.go:82.39,83.25 1 3
github.com/zt4ff/gokue/logging/logging.go:83.25,85.5 1 2
github.com/zt4ff/gokue/logging/logging.go:85.10,88.5 1 1
github.com/zt4ff/gokue/logging/logging.go:92.2,92.18 1 9
github.com/zt4ff/gokue/logging/logging.go:96.71,98.2 1 3
github.com/zt4ff/gokue/logging/logging.go:101.70,103.2 1 4
github.com/zt4ff/gokue/logging/logging.go:106.70,108.2 1 3
github.com/zt4ff/gokue/logging/logging.go:111.71,113.2 1 3
github.com/zt4ff/gokue/logging/logging.go:115.40,116.15 1 9
github.com/zt4ff/gokue/logging/logging.go:117.18,118.17 1 1
github.com/zt4ff/gokue/logging/logging.go:119.17,120.16 1 3
github.com/zt4ff/gokue/logging/logging.go:121.17,122.16 1 2
github.com/zt4ff/gokue/logging/logging.go:123.18,124.17 1 3
github.com/zt4ff/gokue/logging/logging.go:125.10,126.19 1 0
github.com/zt4ff/gokue/logging/logging.go:142.70,146.22 3 1
github.com/zt4ff/gokue/logging/logging.go:146.22,148.3 1 1
github.com/zt4ff/gokue/logging/logging.go:149.2,149.20 1 1
github.com/zt4ff/gokue/logging/logging.go:149.20,151.3 1 1
github.com/zt4ff/gokue/logging/logging.go:152.2,152.21 1 1
github.com/zt4ff/gokue/logging/logging.go:152.21,154.3 1 0
github.com/zt4ff/gokue/logging/logging.go:155.2,155.21 1 1
github.com/zt4ff/gokue/logging/logging.go:155.21,157.3 1 0
github.com/zt4ff/gokue/logging/logging.go:158.2,160.8 2 1
github.com/zt4ff/gokue/logging/logging.go:164.55,165.19 1 2
github.com/zt4ff/gokue/logging/logging.go:165.19,167.3 1 1
github.com/zt4ff/gokue/logging/logging.go:168.2,168.73 1 1
github.com/zt4ff/gokue/logging/logging.go:172.70,173.19 1 2
github.com/zt4ff/gokue/logging/logging.go:173.19,175.3 1 1
github.com/zt4ff/gokue/logging/logging.go:176.2,176.79 1 1
github.com/zt4ff/gokue/logging/logging.go:180.67,181.19 1 2
github.com/zt4ff/gokue/logging/logging.go:181.19,183.3 1 1
github.com/zt4ff/gokue/logging/logging.go:184.2,184.81 1 1
github.com/zt4ff/gokue/logging/logging.go:188.94,189.19 1 2
github.com/zt4ff/gokue/logging/logging.go:189.19,191.3 1 1
github.com/zt4ff/gokue/logging/logging.go:192.2,193.16 2 1
github.com/zt4ff/gokue/logging/logging.go:193.16,195.3 1 0
github.com/zt4ff/gokue/logging/logging.go:196.2,200.42 1 1
github.com/zt4ff/gokue/logging/logging.go:204.75,205.19 1 2
github.com/zt4ff/gokue/logging/logging.go:205.19,207.3 1 1
github.com/zt4ff/gokue/logging/logging.go:208.2,211.42 1 1
github.com/zt4ff/gokue/logging/logging.go:215.99,216.19 1 2
github.com/zt4ff/gokue/logging/logging.go:216.19,218.3 1 1
github.com/zt4ff/gokue/logging/logging.go:219.2,220.16 2 1
github.com/zt4ff/gokue/logging/logging.go:220.16,222.3 1 0
github.com/zt4ff/gokue/logging/logging.go:223.2,228.29 1 1
github.com/zt4ff/gokue/logging/logging.go:232.48,233.19 1 2
github.com/zt4ff/gokue/logging/logging.go:233.19,235.3 1 1
github.com/zt4ff/gokue/logging/logging.go:236.2,236.55 1 1
github.com/zt4ff/gokue/logging/logging.go:240.86,241.19 1 2
github.com/zt4ff/gokue/logging/logging.go:241.19,243.3 1 1
github.com/zt4ff/gokue/logging/logging.go:244.2,245.16 2 1
github.com/zt4ff/gokue/logging/logging.go:245.16,248.3 2 0
github.com/zt4ff/gokue/logging/logging.go:248.8,251.3 2 1
github.com/zt4ff/gokue/logging/logging.go:255.72,256.19 1 2
github.com/zt4ff/gokue/logging/logging.go:256.19,258.3 1 1
github.com/zt4ff/gokue/logging/logging.go:259.2,259.87 1 1
github.com/zt4ff/gokue/logging/logging.go:263.59,264.19 1 2
github.com/zt4ff/gokue/logging/logging.go:264.19,266.3 1 1
github.com/zt4ff/gokue/logging/logging.go:267.2,267.69 1 1
github.com/zt4ff/gokue/gokue.go:30.46,31.34 1 0
github.com/zt4ff/gokue/gokue.go:31.34,33.3 1 0
github.com/zt4ff/gokue/gokue.go:37.51,38.34 1 0
github.com/zt4ff/gokue/gokue.go:38.34,40.3 1 0
github.com/zt4ff/gokue/gokue.go:60.43,61.37 1 2
github.com/zt4ff/gokue/gokue.go:61.37,63.3 1 2
github.com/zt4ff/gokue/gokue.go:67.46,68.37 1 4
github.com/zt4ff/gokue/gokue.go:68.37,70.3 1 4
github.com/zt4ff/gokue/gokue.go:74.42,75.37 1 3
github.com/zt4ff/gokue/gokue.go:75.37,77.3 1 3
github.com/zt4ff/gokue/gokue.go:81.44,82.37 1 4
github.com/zt4ff/gokue/gokue.go:82.37,84.3 1 4
github.com/zt4ff/gokue/gokue.go:88.51,89.37 1 2
github.com/zt4ff/gokue/gokue.go:89.37,91.3 1 2
github.com/zt4ff/gokue/gokue.go:95.49,96.37 1 3
github.com/zt4ff/gokue/gokue.go:96.37,98.3 1 3
github.com/zt4ff/gokue/gokue.go:103.52,104.37 1 1
github.com/zt4ff/gokue/gokue.go:104.37,106.3 1 1
github.com/zt4ff/gokue/gokue.go:110.56,111.37 1 1
github.com/zt4ff/gokue/gokue.go:111.37,113.3 1 1
github.com/zt4ff/gokue/gokue.go:121.58,122.38 1 0
github.com/zt4ff/gokue/gokue.go:122.38,124.3 1 0
github.com/zt4ff/gokue/gokue.go:130.50,132.2 1 25
github.com/zt4ff/gokue/gokue.go:137.83,139.33 2 25
github.com/zt4ff/gokue/gokue.go:139.33,140.20 1 20
github.com/zt4ff/gokue/gokue.go:140.20,142.4 1 20
github.com/zt4ff/gokue/gokue.go:145.2,145.47 1 25
github.com/zt4ff/gokue/gokue.go:145.47,147.3 1 9
github.com/zt4ff/gokue/gokue.go:149.2,149.19 1 16
github.com/zt4ff/gokue/gokue.go:149.19,151.3 1 16
github.com/zt4ff/gokue/gokue.go:153.2,162.19 4 16
github.com/zt4ff/gokue/gokue.go:167.48,168.14 1 6
github.com/zt4ff/gokue/gokue.go:168.14,170.3 1 0
github.com/zt4ff/gokue/gokue.go:172.2,173.46 2 6
github.com/zt4ff/gokue/gokue.go:173.46,175.3 1 4
github.com/zt4ff/gokue/gokue.go:177.2,180.12 4 2
github.com/zt4ff/gokue/gokue.go:185.96,186.14 1 11
github.com/zt4ff/gokue/gokue.go:186.14,188.3 1 0
github.com/zt4ff/gokue/gokue.go:189.2,189.17 1 11
github.com/zt4ff/gokue/gokue.go:189.17,191.3 1 2
github.com/zt4ff/gokue/gokue.go:192.2,192.16 1 9
github.com/zt4ff/gokue/gokue.go:192.16,194.3 1 1
github.com/zt4ff/gokue/gokue.go:196.2,197.16 2 8
github.com/zt4ff/gokue/gokue.go:197.16,199.3 1 0
github.com/zt4ff/gokue/gokue.go:201.2,201.46 1 8
github.com/zt4ff/gokue/gokue.go:201.46,203.3 1 1
github.com/zt4ff/gokue/gokue.go:205.2,209.40 5 7
github.com/zt4ff/gokue/gokue.go:209.40,211.3 1 1
github.com/zt4ff/gokue/gokue.go:213.2,214.27 2 6
github.com/zt4ff/gokue/gokue.go:214.27,215.17 1 0
github.com/zt4ff/gokue/gokue.go:215.17,217.4 1 0
github.com/zt4ff/gokue/gokue.go:219.2,219.36 1 6
github.com/zt4ff/gokue/gokue.go:224.99,225.14 1 1
github.com/zt4ff/gokue/gokue.go:225.14,227.3 1 0
github.com/zt4ff/gokue/gokue.go:228.2,228.17 1 1
github.com/zt4ff/gokue/gokue.go:228.17,230.3 1 0
github.com/zt4ff/gokue/gokue.go:231.2,231.16 1 1
github.com/zt4ff/gokue/gokue.go:231.16,233.3 1 0
github.com/zt4ff/gokue/gokue.go:235.2,236.16 2 1
github.com/zt4ff/gokue/gokue.go:236.16,238.3 1 0
github.com/zt4ff/gokue/gokue.go:240.2,240.46 1 1
github.com/zt4ff/gokue/gokue.go:240.46,242.3 1 0
github.com/zt4ff/gokue/gokue.go:244.2,248.40 5 1
github.com/zt4ff/gokue/gokue.go:248.40,250.3 1 0
github.com/zt4ff/gokue/gokue.go:252.2,253.27 2 1
github.com/zt4ff/gokue/gokue.go:253.27,254.17 1 0
github.com/zt4ff/gokue/gokue.go:254.17,256.4 1 0
github.com/zt4ff/gokue/gokue.go:258.2,258.39 1 1
github.com/zt4ff/gokue/gokue.go:263.53,264.14 1 2
github.com/zt4ff/gokue/gokue.go:264.14,266.3 1 0
github.com/zt4ff/gokue/gokue.go:267.2,267.68 1 2
github.com/zt4ff/gokue/gokue.go:271.50,272.14 1 7
github.com/zt4ff/gokue/gokue.go:272.14,274.3 1 0
github.com/zt4ff/gokue/gokue.go:275.2,275.16 1 7
github.com/zt4ff/gokue/gokue.go:275.16,277.3 1 0
github.com/zt4ff/gokue/gokue.go:278.2,278.32 1 7
github.com/zt4ff/gokue/gokue.go:282.40,283.36 1 2
github.com/zt4ff/gokue/gokue.go:283.36,285.3 1 0
github.com/zt4ff/gokue/gokue.go:286.2,286.31 1 2
github.com/zt4ff/gokue/gokue.go:290.42,291.17 1 2
github.com/zt4ff/gokue/gokue.go:291.17,293.3 1 1
github.com/zt4ff/gokue/gokue.go:295.2,296.32 2 1
github.com/zt4ff/gokue/gokue.go:296.32,298.3 1 1
github.com/zt4ff/gokue/gokue.go:299.2,299.22 1 1
github.com/zt4ff/gokue/gokue.go:299.22,301.3 1 1
github.com/zt4ff/gokue/gokue.go:303.2,303.20 1 0
github.com/zt4ff/gokue/name.go:20.41,21.16 1 24
github.com/zt4ff/gokue/name.go:21.16,23.3 1 3
github.com/zt4ff/gokue/name.go:24.2,24.34 1 21
github.com/zt4ff/gokue/name.go:24.34,26.3 1 2
github.com/zt4ff/gokue/name.go:27.2,27.25 1 19
github.com/zt4ff/gokue/name.go:27.25,28.132 1 157
github.com/zt4ff/gokue/name.go:28.132,30.4 1 5
github.com/zt4ff/gokue/name.go:32.2,32.12 1 14
github.com/zt4ff/gokue/config/config.go:101.23,113.2 1 25
github.com/zt4ff/gokue/config/config.go:116.35,117.19 1 25
github.com/zt4ff/gokue/config/config.go:118.25,118.25 0 23
github.com/zt4ff/gokue/config/config.go:119.10,120.79 1 2
github.com/zt4ff/gokue/config/config.go:123.2,123.27 1 23
github.com/zt4ff/gokue/config/config.go:124.56,124.56 0 23
github.com/zt4ff/gokue/config/config.go:125.10,126.96 1 0
github.com/zt4ff/gokue/config/config.go:129.2,129.24 1 23
github.com/zt4ff/gokue/config/config.go:129.24,131.3 1 1
github.com/zt4ff/gokue/config/config.go:132.2,132.22 1 22
github.com/zt4ff/gokue/config/config.go:132.22,134.3 1 1
github.com/zt4ff/gokue/config/config.go:135.2,135.22 1 21
github.com/zt4ff/gokue/config/config.go:135.22,137.3 1 1
github.com/zt4ff/gokue/config/config.go:138.2,138.22 1 20
github.com/zt4ff/gokue/config/config.go:138.22,140.3 1 1
github.com/zt4ff/gokue/config/config.go:141.2,141.27 1 19
github.com/zt4ff/gokue/config/config.go:141.27,143.3 1 1
github.com/zt4ff/gokue/config/config.go:144.2,144.22 1 18
github.com/zt4ff/gokue/config/config.go:144.22,146.3 1 1
github.com/zt4ff/gokue/config/config.go:147.2,147.25 1 17
github.com/zt4ff/gokue/config/config.go:147.25,149.3 1 1
github.com/zt4ff/gokue/config/config.go:151.2,151.12 1 16
github.com/zt4ff/gokue/stats/stats.go:35.32,37.2 1 16
github.com/zt4ff/gokue/stats/stats.go:40.35,42.2 1 5
github.com/zt4ff/gokue/stats/stats.go:45.36,47.2 1 3
github.com/zt4ff/gokue/stats/stats.go:50.33,52.2 1 2
github.com/zt4ff/gokue/stats/stats.go:55.34,57.2 1 2
github.com/zt4ff/gokue/stats/stats.go:60.34,62.2 1 1
github.com/zt4ff/gokue/stats/stats.go:65.41,73.2 1 2
github.com/zt4ff/gokue/config/config.go:101.23,113.2 1 0
github.com/zt4ff/gokue/config/config.go:116.35,117.19 1 0
github.com/zt4ff/gokue/config/config.go:118.25,118.25 0 0
github.com/zt4ff/gokue/config/config.go:119.10,120.79 1 0
github.com/zt4ff/gokue/config/config.go:123.2,123.27 1 0
github.com/zt4ff/gokue/config/config.go:124.56,124.56 0 0
github.com/zt4ff/gokue/config/config.go:125.10,126.96 1 0
github.com/zt4ff/gokue/config/config.go:129.2,129.24 1 0
github.com/zt4ff/gokue/config/config.go:129.24,131.3 1 0
github.com/zt4ff/gokue/config/config.go:132.2,132.22 1 0
github.com/zt4ff/gokue/config/config.go:132.22,134.3 1 0
github.com/zt4ff/gokue/config/config.go:135.2,135.22 1 0
github.com/zt4ff/gokue/config/config.go:135.22,137.3 1 0
github.com/zt4ff/gokue/config/config.go:138.2,138.22 1 0
github.com/zt4ff/gokue/config/config.go:138.22,140.3 1 0
github.com/zt4ff/gokue/config/config.go:141.2,141.27 1 0
github.com/zt4ff/gokue/config/config.go:141.27,143.3 1 0
github.com/zt4ff/gokue/config/config.go:144.2,144.22 1 0
github.com/zt4ff/gokue/config/config.go:144.22,146.3 1 0
github.com/zt4ff/gokue/config/config.go:147.2,147.25 1 0
github.com/zt4ff/gokue/config/config.go:147.25,149.3 1 0
github.com/zt4ff/gokue/config/config.go:151.2,151.12 1 0
github.com/zt4ff/gokue/dispatcher/dispatcher.go:97.69,99.2 1 19
github.com/zt4ff/gokue/dispatcher/dispatcher.go:104.102,105.22 1 25
github.com/zt4ff/gokue/dispatcher/dispatcher.go:105.22,107.3 1 25
github.com/zt4ff/gokue/dispatcher/dispatcher.go:108.2,108.19 1 25
github.com/zt4ff/gokue/dispatcher/dispatcher.go:108.19,110.3 1 19
github.com/zt4ff/gokue/dispatcher/dispatcher.go:112.2,120.54 2 25
github.com/zt4ff/gokue/dispatcher/dispatcher.go:120.54,123.3 2 35
github.com/zt4ff/gokue/dispatcher/dispatcher.go:125.2,125.10 1 25
github.com/zt4ff/gokue/dispatcher/dispatcher.go:131.67,132.16 1 35
github.com/zt4ff/gokue/dispatcher/dispatcher.go:132.16,134.3 1 1
github.com/zt4ff/gokue/dispatcher/dispatcher.go:135.2,135.21 1 34
github.com/zt4ff/gokue/dispatcher/dispatcher.go:135.21,137.3 1 1
github.com/zt4ff/gokue/dispatcher/dispatcher.go:138.2,138.31 1 33
github.com/zt4ff/gokue/dispatcher/dispatcher.go:138.31,140.3 1 33
github.com/zt4ff/gokue/dispatcher/dispatcher.go:142.2,145.14 3 33
github.com/zt4ff/gokue/dispatcher/dispatcher.go:145.14,148.3 2 3
github.com/zt4ff/gokue/dispatcher/dispatcher.go:150.2,150.9 1 30
github.com/zt4ff/gokue/dispatcher/dispatcher.go:151.23,154.13 3 30
github.com/zt4ff/gokue/dispatcher/dispatcher.go:155.20,158.19 3 0
github.com/zt4ff/gokue/dispatcher/dispatcher.go:165.70,166.16 1 1
github.com/zt4ff/gokue/dispatcher/dispatcher.go:166.16,168.3 1 0
github.com/zt4ff/gokue/dispatcher/dispatcher.go:169.2,169.21 1 1
github.com/zt4ff/gokue/dispatcher/dispatcher.go:169.21,171.3 1 0
github.com/zt4ff/gokue/dispatcher/dispatcher.go:172.2,172.31 1 1
github.com/zt4ff/gokue/dispatcher/dispatcher.go:172.31,174.3 1 1
github.com/zt4ff/gokue/dispatcher/dispatcher.go:176.2,179.14 3 1
github.com/zt4ff/gokue/dispatcher/dispatcher.go:179.14,182.3 2 0
github.com/zt4ff/gokue/dispatcher/dispatcher.go:184.2,184.9 1 1
github.com/zt4ff/gokue/dispatcher/dispatcher.go:185.23,188.13 3 0
github.com/zt4ff/gokue/dispatcher/dispatcher.go:189.10,192.22 3 1
github.com/zt4ff/gokue/dispatcher/dispatcher.go:215.55,217.2 1 24
github.com/zt4ff/gokue/dispatcher/dispatcher.go:251.76,252.16 1 26
github.com/zt4ff/gokue/dispatcher/dispatcher.go:252.16,254.3 1 1
github.com/zt4ff/gokue/dispatcher/dispatcher.go:257.2,257.48 1 25
github.com/zt4ff/gokue/dispatcher/dispatcher.go:257.48,259.3 1 1
github.com/zt4ff/gokue/dispatcher/dispatcher.go:261.2,265.15 4 24
github.com/zt4ff/gokue/dispatcher/dispatcher.go:265.15,269.3 3 23
github.com/zt4ff/gokue/dispatcher/dispatcher.go:270.2,273.27 2 24
github.com/zt4ff/gokue/dispatcher/dispatcher.go:273.27,277.3 3 1
github.com/zt4ff/gokue/dispatcher/dispatcher.go:280.2,281.12 2 23
github.com/zt4ff/gokue/dispatcher/dispatcher.go:281.12,284.3 2 23
github.com/zt4ff/gokue/dispatcher/dispatcher.go:286.2,286.9 1 23
github.com/zt4ff/gokue/dispatcher/dispatcher.go:287.14,290.13 3 22
github.com/zt4ff/gokue/dispatcher/dispatcher.go:291.20,294.19 3 1
github.com/zt4ff/gokue/dispatcher/dispatcher.go:299.45,301.2 1 6
github.com/zt4ff/gokue/dispatcher/dispatcher.go:306.31,308.15 2 35
github.com/zt4ff/gokue/dispatcher/dispatcher.go:308.15,309.47 1 29
github.com/zt4ff/gokue/dispatcher/dispatcher.go:309.47,313.4 1 0
github.com/zt4ff/gokue/dispatcher/dispatcher.go:316.2,316.28 1 35
github.com/zt4ff/gokue/dispatcher/dispatcher.go:316.28,318.3 1 30
github.com/zt4ff/gokue/dispatcher/dispatcher.go:329.41,334.28 4 30
github.com/zt4ff/gokue/dispatcher/dispatcher.go:334.28,336.3 1 0
github.com/zt4ff/gokue/dispatcher/dispatcher.go:338.2,339.28 2 30
github.com/zt4ff/gokue/dispatcher/dispatcher.go:339.28,341.3 1 0
github.com/zt4ff/gokue/dispatcher/dispatcher.go:343.2,343.53 1 30
github.com/zt4ff/gokue/dispatcher/dispatcher.go:343.53,347.17 3 36
github.com/zt4ff/gokue/dispatcher/dispatcher.go:347.17,355.4 4 23
github.com/zt4ff/gokue/dispatcher/dispatcher.go:357.3,357.27 1 11
github.com/zt4ff/gokue/dispatcher/dispatcher.go:357.27,366.17 4 8
github.com/zt4ff/gokue/dispatcher/dispatcher.go:366.17,367.12 1 8
github.com/zt4ff/gokue/dispatcher/dispatcher.go:368.30,368.30 0 6
github.com/zt4ff/gokue/dispatcher/dispatcher.go:370.19,379.12 4 2
github.com/zt4ff/gokue/dispatcher/dispatcher.go:386.2,393.29 3 3
github.com/zt4ff/gokue/dispatcher/dispatcher.go:399.72,405.17 3 36
github.com/zt4ff/gokue/dispatcher/dispatcher.go:405.17,408.3 2 35
github.com/zt4ff/gokue/dispatcher/dispatcher.go:410.2,410.15 1 36
github.com/zt4ff/gokue/dispatcher/dispatcher.go:410.15,411.47 1 34
github.com/zt4ff/gokue/dispatcher/dispatcher.go:411.47,413.4 1 3
github.com/zt4ff/gokue/dispatcher/dispatcher.go:416.2,416.23 1 36
github.com/zt4ff/gokue/dispatcher/dispatcher.go:431.105,432.15 1 8
github.com/zt4ff/gokue/dispatcher/dispatcher.go:432.15,434.3 1 0
github.com/zt4ff/gokue/dispatcher/dispatcher.go:436.2,436.18 1 8
github.com/zt4ff/gokue/dispatcher/dispatcher.go:437.23,438.14 1 1
github.com/zt4ff/gokue/dispatcher/dispatcher.go:440.21,442.41 1 1
github.com/zt4ff/gokue/dispatcher/dispatcher.go:444.26,447.46 2 6
github.com/zt4ff/gokue/dispatcher/dispatcher.go:447.46,449.4 1 0
github.com/zt4ff/gokue/dispatcher/dispatcher.go:450.3,450.28 1 6
github.com/zt4ff/gokue/dispatcher/dispatcher.go:452.32,456.46 2 0
github.com/zt4ff/gokue/dispatcher/dispatcher.go:456.46,458.4 1 0
github.com/zt4ff/gokue/dispatcher/dispatcher.go:459.3,459.15 1 0
github.com/zt4ff/gokue/dispatcher/dispatcher.go:459.15,461.4 1 0
github.com/zt4ff/gokue/dispatcher/dispatcher.go:462.3,462.48 1 0
github.com/zt4ff/gokue/dispatcher/dispatcher.go:464.10,465.11 1 0
github.com/zt4ff/gokue/stats/stats.go:35.32,37.2 1 25
github.com/zt4ff/gokue/stats/stats.go:40.35,42.2 1 30
github.com/zt4ff/gokue/stats/stats.go:45.36,47.2 1 23
github.com/zt4ff/gokue/stats/stats.go:50.33,52.2 1 5
github.com/zt4ff/gokue/stats/stats.go:55.34,57.2 1 8
github.com/zt4ff/gokue/stats/stats.go:60.34,62.2 1 1
github.com/zt4ff/gokue/stats/stats.go:65.41,73.2 1 6
